Global RMG Settings:
   test_data.directory  = /Users/rwest/Code/Cat/RMG-Py/rmgpy/test_data (Default, relative to RMG-Py source code)
   database.directory   = /Users/rwest/Code/Cat/RMG-database/input (Default, relative to RMG-Py source code)
RMG execution initiated at Mon Oct 29 11:31:28 2018

#########################################################
# RMG-Py - Reaction Mechanism Generator in Python       #
# Version: 2.2.1-Cat                                    #
# Authors: RMG Developers (rmg_dev@mit.edu)             #
# P.I.s:   William H. Green (whgreen@mit.edu)           #
#          Richard H. West (r.west@neu.edu)             #
# Website: http://reactionmechanismgenerator.github.io/ #
#                                                       #
#  This heterogeneous catalysis branch developed by:    #
#  Richard H. West (r.west@neu.edu)                     #
#  C. Franklin Goldsmith (franklin_goldsmith@brown.edu) #
#########################################################

The current git HEAD for RMG-Py is:
	872e922a24392403cbe4500e047c3f421996432d
	Thu Oct 18 17:08:52 2018 -0400

The current git HEAD for RMG-database is:
	62a36e8592c35db93d7ca714091960a3fd4168ee
	Wed Oct 17 13:51:59 2018 -0400

Reading input file "/Users/rwest/Code/Cat/cpox-methane/input.py"...
# Data sources
database(
    thermoLibraries=['surfaceThermoPt', 'primaryThermoLibrary', 'thermo_DFT_CCSDTF12_BAC','DFT_QCI_thermo'],
    reactionLibraries = [('Deutschmann_Ni', False)],
    seedMechanisms = [],
    kineticsDepositories = ['training'],
    kineticsFamilies =['surface','default'],
    kineticsEstimator = 'rate rules',
    bindingEnergies = { # default values
                       'C':(-6.364, 'eV/molecule'), # Pt(111)
                       'H':(-2.778, 'eV/molecule'), # Ni(111), until we find the vaule for Pt(111)
                       'O':(-3.481, 'eV/molecule'), # Pt(111)
                       }
)

# List of species
species(
    label='X',
    reactive=True,
    structure=adjacencyList("1 X u0"),
)

species(
    label='CH4',
    reactive=True,
    structure=SMILES("[CH4]"),
)
species(
   label='O2',
   reactive=True,
   structure=adjacencyList(
       """
1 O u1 p2 c0 {2,S}
2 O u1 p2 c0 {1,S}
"""),
)

species(
    label='N2',
    reactive=False,
    structure=SMILES("N#N"),
)

species(
    label='CO2',
    reactive=True,
    structure=SMILES("O=C=O"),
)

species(
    label='H2O',
    reactive=True,
    structure=SMILES("O"),
)

species(
    label='H2',
    reactive=True,
    structure=SMILES("[H][H]"),
)

species(
    label='CO',
    reactive=True,
    structure=SMILES("[C-]#[O+]"),
)

species(
    label='CH2O',
    reactive=True,
    structure=SMILES("C=O"),
)

species(
    label='CH3',
    reactive=True,
    structure=SMILES("[CH3]"),
)

species(
    label='H',
    reactive=True,
    structure=SMILES("[H]"),
)

species(
    label='CH3OH',
    reactive=True,
    structure=SMILES("CO"),
)

species(
    label='HCO',
    reactive=True,
    structure=SMILES("[CH]=O"),
)

species(
    label='OH',
    reactive=True,
    structure=SMILES("[OH]"),
)

#----------
# Reaction systems
surfaceReactor(
    temperature=(1000,'K'),
    initialPressure=(1.0, 'bar'),
    initialGasMoleFractions={
        "CH4": 0.1,
        "O2": 0.1,
        "N2": 0.8,
    },
    initialSurfaceCoverages={
        "X": 1.0,
    },
    surfaceVolumeRatio=(1.e5, 'm^-1'),
    surfaceSiteDensity=(2.9e-9, 'mol/cm^2'),
#    terminationConversion = { "CH4":0.9,},
    terminationTime=(10., 's'),
    terminationConversion={'O2': 0.95,}
)

simulator(
    atol=1e-18,
    rtol=1e-12,
)

model(
    toleranceKeepInEdge=0.0,
    toleranceMoveToCore=1e-4,
    toleranceInterruptSimulation=0.1,
    maximumEdgeSpecies=100000
)

options(
    units='si',
    saveRestartPeriod=None,
    generateOutputHTML=True,
    generatePlots=False,
    saveEdgeSpecies=True,
    saveSimulationProfiles=True,
)


Surface reaction system 1
Gas phase mole fractions:
  N2                   0.8
  CH4                  0.1
  O2                   0.1
Total gas phase:          1 moles
Pressure:                 1e+05 Pa
Temperature:              1000.0 K
Reactor volume:           0.0831 m3
Surface/volume ratio:     1e+05 m2/m3
Surface site density:     2.9e-05 mol/m2
Surface sites in reactor: 0.241 moles
Initial surface coverages (and amounts):
  X                  1 = 0.24112 moles
Warning: Generate Output HTML option was turned on. Note that this will slow down model generation.
Warning: Edge species saving was turned on. This will slow down model generation for large simulations.

Loading thermodynamics library from surfaceThermoPt.py in /Users/rwest/Code/Cat/RMG-database/input/thermo/libraries...
Loading thermodynamics library from primaryThermoLibrary.py in /Users/rwest/Code/Cat/RMG-database/input/thermo/libraries...
Loading thermodynamics library from thermo_DFT_CCSDTF12_BAC.py in /Users/rwest/Code/Cat/RMG-database/input/thermo/libraries...
Loading thermodynamics library from DFT_QCI_thermo.py in /Users/rwest/Code/Cat/RMG-database/input/thermo/libraries...
Loading thermodynamics group database from /Users/rwest/Code/Cat/RMG-database/input/thermo/groups...
Loading transport library from GRI-Mech.py in /Users/rwest/Code/Cat/RMG-database/input/transport/libraries...
Loading transport library from NOx2018.py in /Users/rwest/Code/Cat/RMG-database/input/transport/libraries...
Loading transport library from PrimaryTransportLibrary.py in /Users/rwest/Code/Cat/RMG-database/input/transport/libraries...
Loading transport group database from /Users/rwest/Code/Cat/RMG-database/input/transport/groups...
Warning: Requested depository /Users/rwest/Code/Cat/RMG-database/input/kinetics/families/Surface_Adsorption_Single/training/reactions.py does not exist
Warning: Requested depository /Users/rwest/Code/Cat/RMG-database/input/kinetics/families/Surface_Adsorption_vdW/training/reactions.py does not exist
Loading kinetics library Deutschmann_Ni from /Users/rwest/Code/Cat/RMG-database/input/kinetics/libraries/Deutschmann_Ni/reactions.py...
Loading frequencies group database from /Users/rwest/Code/Cat/RMG-database/input/statmech/groups...
Loading Platts additivity group database from /Users/rwest/Code/Cat/RMG-database/input/solvation/groups...
Trimolecular reactions are turned on
Adding rate rules from training set in kinetics families...
Could not find training depository in family Surface_Adsorption_vdW.
Must be because you turned off the training depository.
Could not find training depository in family Surface_Adsorption_Single.
Must be because you turned off the training depository.
Filling in rate rules in kinetics families by averaging...
Adding reaction library Deutschmann_Ni to model edge...

Summary of Model Enlargement
---------------------------------
Added 0 new core species
Created 9 new edge species
    HX(14)
    OX(15)
    OCX(16)
    CH3X(17)
    HOX(18)
    CX(19)
    HOCXO(20)
    CHX(21)
    CXHO(22)
Added 0 new core reactions
Created 14 new edge reactions
    X(1) + X(1) + H2(6) <=> HX(14) + HX(14)
    X(1) + X(1) + O2(3) <=> OX(15) + OX(15)
    X(1) + CO(7) <=> OCX(16)
    HX(14) + CH3X(17) <=> CH4(2) + X(1) + X(1)
    CH3X(17) + HOX(18) <=> CH4(2) + X(1) + OX(15)
    HX(14) + HOX(18) <=> X(1) + X(1) + H2O(5)
    HOX(18) + HOX(18) <=> X(1) + H2O(5) + OX(15)
    X(1) + OCX(16) <=> OX(15) + CX(19)
    HOX(18) + CX(19) <=> HX(14) + OCX(16)
    OCX(16) + OCX(16) <=> X(1) + CO2(4) + CX(19)
    OX(15) + OCX(16) <=> X(1) + X(1) + CO2(4)
    X(1) + HOCXO(20) <=> X(1) + CO2(4) + HX(14)
    OX(15) + CHX(21) <=> X(1) + CXHO(22)
    HOX(18) + CXHO(22) <=> HX(14) + HOCXO(20)

After model enlargement:
    The model core has 0 species and 0 reactions
    The model edge has 23 species and 14 reactions

NOT generating reactions for unreactive species N2

Summary of Model Enlargement
---------------------------------
Added 1 new core species
    N2
Created 0 new edge species
Added 0 new core reactions
Created 0 new edge reactions

After model enlargement:
    The model core has 1 species and 0 reactions
    The model edge has 22 species and 14 reactions


NOT generating reactions for unreactive species Ar

Summary of Model Enlargement
---------------------------------
Added 1 new core species
    Ar
Created 0 new edge species
Added 0 new core reactions
Created 0 new edge reactions

After model enlargement:
    The model core has 2 species and 0 reactions
    The model edge has 22 species and 14 reactions


NOT generating reactions for unreactive species He

Summary of Model Enlargement
---------------------------------
Added 1 new core species
    He
Created 0 new edge species
Added 0 new core reactions
Created 0 new edge reactions

After model enlargement:
    The model core has 3 species and 0 reactions
    The model edge has 22 species and 14 reactions


NOT generating reactions for unreactive species Ne

Summary of Model Enlargement
---------------------------------
Added 1 new core species
    Ne
Created 0 new edge species
Added 0 new core reactions
Created 0 new edge reactions

After model enlargement:
    The model core has 4 species and 0 reactions
    The model edge has 22 species and 14 reactions


Adding species X(1) to model core

Summary of Model Enlargement
---------------------------------
Added 1 new core species
    X(1)
Created 0 new edge species
Added 0 new core reactions
Created 0 new edge reactions

After model enlargement:
    The model core has 5 species and 0 reactions
    The model edge has 21 species and 14 reactions


Adding species CH4(2) to model core

Summary of Model Enlargement
---------------------------------
Added 1 new core species
    CH4(2)
Created 0 new edge species
Added 0 new core reactions
Created 0 new edge reactions

After model enlargement:
    The model core has 6 species and 0 reactions
    The model edge has 20 species and 14 reactions


Adding species O2(3) to model core

Summary of Model Enlargement
---------------------------------
Added 1 new core species
    O2(3)
Created 0 new edge species
Added 0 new core reactions
Created 0 new edge reactions

After model enlargement:
    The model core has 7 species and 0 reactions
    The model edge has 19 species and 14 reactions


Adding species CO2(4) to model core

Summary of Model Enlargement
---------------------------------
Added 1 new core species
    CO2(4)
Created 0 new edge species
Added 0 new core reactions
Created 0 new edge reactions

After model enlargement:
    The model core has 8 species and 0 reactions
    The model edge has 18 species and 14 reactions


Adding species H2O(5) to model core

Summary of Model Enlargement
---------------------------------
Added 1 new core species
    H2O(5)
Created 0 new edge species
Added 0 new core reactions
Created 0 new edge reactions

After model enlargement:
    The model core has 9 species and 0 reactions
    The model edge has 17 species and 14 reactions


Adding species H2(6) to model core

Summary of Model Enlargement
---------------------------------
Added 1 new core species
    H2(6)
Created 0 new edge species
Added 0 new core reactions
Created 0 new edge reactions

After model enlargement:
    The model core has 10 species and 0 reactions
    The model edge has 16 species and 14 reactions


Adding species CO(7) to model core

Summary of Model Enlargement
---------------------------------
Added 1 new core species
    CO(7)
Created 0 new edge species
Added 0 new core reactions
Created 0 new edge reactions

After model enlargement:
    The model core has 11 species and 0 reactions
    The model edge has 15 species and 14 reactions


Adding species CH2O(8) to model core

Summary of Model Enlargement
---------------------------------
Added 1 new core species
    CH2O(8)
Created 0 new edge species
Added 0 new core reactions
Created 0 new edge reactions

After model enlargement:
    The model core has 12 species and 0 reactions
    The model edge has 14 species and 14 reactions


Adding species CH3(9) to model core

Summary of Model Enlargement
---------------------------------
Added 1 new core species
    CH3(9)
Created 0 new edge species
Added 0 new core reactions
Created 0 new edge reactions

After model enlargement:
    The model core has 13 species and 0 reactions
    The model edge has 13 species and 14 reactions


Adding species H(10) to model core

Summary of Model Enlargement
---------------------------------
Added 1 new core species
    H(10)
Created 0 new edge species
Added 0 new core reactions
Created 0 new edge reactions

After model enlargement:
    The model core has 14 species and 0 reactions
    The model edge has 12 species and 14 reactions


Adding species CH3OH(11) to model core

Summary of Model Enlargement
---------------------------------
Added 1 new core species
    CH3OH(11)
Created 0 new edge species
Added 0 new core reactions
Created 0 new edge reactions

After model enlargement:
    The model core has 15 species and 0 reactions
    The model edge has 11 species and 14 reactions


Adding species HCO(12) to model core

Summary of Model Enlargement
---------------------------------
Added 1 new core species
    HCO(12)
Created 0 new edge species
Added 0 new core reactions
Created 0 new edge reactions

After model enlargement:
    The model core has 16 species and 0 reactions
    The model edge has 10 species and 14 reactions


Adding species OH(13) to model core

Summary of Model Enlargement
---------------------------------
Added 1 new core species
    OH(13)
Created 0 new edge species
Added 0 new core reactions
Created 0 new edge reactions

After model enlargement:
    The model core has 17 species and 0 reactions
    The model edge has 9 species and 14 reactions


Initialization complete. Starting model generation.

Generating initial reactions...
Species with SMILES of [CH2] named CH2(S) based on thermo library name
Species with SMILES of [CH2] named CH2(T) based on thermo library name
Species with SMILES of C[O] named CH3O based on thermo library name
Species with SMILES of [CH2]O named CH2OH based on thermo library name
Species with SMILES of [O] named O(T) based on thermo library name
Species with SMILES of O=C=O.[Ni] named CO2X based on thermo library name
Species with SMILES of [C-]#[O+].[Ni] named COX based on thermo library name
Species with SMILES of [O]O named HO2 based on thermo library name
Species with SMILES of O=[C]O named HOCO based on thermo library name
Species with SMILES of [O]C=O named formyloxy based on thermo library name
Species with SMILES of COC=O named methyl_formate based on thermo library name
Species with SMILES of CC(=O)O named acetic_acid based on thermo library name
Species with SMILES of CC=O named CH3CHO based on thermo library name
Species with SMILES of [CH]O named HCOH(T) based on thermo library name
Species with SMILES of CO[O] named CH3OO based on thermo library name
Species with SMILES of [O]OC=O named formylperoxy based on thermo library name
Species with SMILES of O=CO named formic_acid based on thermo library name
Species with SMILES of CO[C]=O named CH3OCO based on thermo library name
Species with SMILES of CC([O])=O named acetyloxy based on thermo library name
Species with SMILES of C[C]=O named acetyl based on thermo library name
Species with SMILES of O=CCO named HOCH2CHO based on thermo library name
Species with SMILES of O=[C]C=O named OCHCO based on thermo library name
Species with SMILES of [CH2]OC named CH3OCH2 based on thermo library name
Species with SMILES of CC[O] named CH3CH2O based on thermo library name
Species with SMILES of [CH2]OC=O named CH2OCHO based on thermo library name
Species with SMILES of [O]CC=O named OCH2CHO based on thermo library name
Species with SMILES of [O]CO named HOCH2O based on thermo library name
Generating kinetics for new reactions...
For reaction CH4(2) + O2(3) <=> CH3(9) + HO2(38), Ea raised from 216.4 to 231.5 kJ/mol to match endothermicity of reaction.
For reaction O2(3) + CO2(4) <=> [O]OO[C]=O(45), Ea raised from 401.1 to 405.7 kJ/mol to match endothermicity of reaction.
For reaction O2(3) + CO2(4) <=> [O]OC([O])=O(46), Ea raised from 217.3 to 222.0 kJ/mol to match endothermicity of reaction.
For reaction O2(3) + CH2O(8) <=> [CH2]OO[O](47), Ea raised from 358.5 to 363.2 kJ/mol to match endothermicity of reaction.
For reaction O2(3) + CH2O(8) <=> [O]CO[O](48), Ea raised from 172.4 to 176.3 kJ/mol to match endothermicity of reaction.
For reaction O2(3) + CH2O(8) <=> HCO(12) + HO2(38), Ea raised from 158.7 to 162.5 kJ/mol to match endothermicity of reaction.
For reaction O2(3) + CH3OH(11) <=> CH2OH(26) + HO2(38), Ea raised from 178.9 to 195.8 kJ/mol to match endothermicity of reaction.
For reaction O2(3) + OH(13) <=> [O]OO(51), Ea raised from 14.6 to 20.8 kJ/mol to match endothermicity of reaction.
For reaction CO2(4) + CH3(9) <=> CH3OCO(60), Ea raised from 88.5 to 94.8 kJ/mol to match endothermicity of reaction.
For reaction CO2(4) + CH3(9) <=> acetyloxy(61), Ea raised from 58.1 to 65.1 kJ/mol to match endothermicity of reaction.
For reaction CO2(4) + H(10) <=> formyloxy(40), Ea raised from 47.9 to 52.0 kJ/mol to match endothermicity of reaction.
For reaction CO2(4) + HCO(12) <=> [O]C(=O)C=O(65), Ea raised from 146.3 to 150.3 kJ/mol to match endothermicity of reaction.
For reaction CO2(4) + OH(13) <=> O=[C]OO(66), Ea raised from 264.1 to 266.3 kJ/mol to match endothermicity of reaction.
For reaction CH2O(8) + OH(13) <=> [CH2]OO(80), Ea raised from 140.4 to 146.2 kJ/mol to match endothermicity of reaction.
For reaction HCO(12) + OH(13) <=> formic_acid(55) Ea raised from -1.8 to -1.8 kJ/mol.

Summary of Secondary Model Edge Enlargement
---------------------------------
Added 0 new core species
Created 62 new edge species
    CH2(S)(23)
    CH2(T)(24)
    CH3O(25)
    CH2OH(26)
    [C]=O(27)
    O(T)(28)
    C.[Ni](29)
    CO2X(30)
    O.[Ni](31)
    [H][H].[Ni](32)
    COX(33)
    C=O.[Ni](34)
    CO[Ni](35)
    OC[Ni](36)
    CO.[Ni](37)
    HO2(38)
    HOCO(39)
    formyloxy(40)
    methyl_formate(41)
    acetic_acid(42)
    CH3CHO(43)
    HCOH(T)(44)
    [O]OO[C]=O(45)
    [O]OC([O])=O(46)
    [CH2]OO[O](47)
    [O]CO[O](48)
    CH3OO(49)
    formylperoxy(50)
    [O]OO(51)
    [O]C(=O)C([O])=O(52)
    [O]C(=O)O[C]=O(53)
    O=[C]OO[C]=O(54)
    formic_acid(55)
    [O]CC([O])=O(56)
    [CH2]OC([O])=O(57)
    [O]CO[C]=O(58)
    [CH2]OO[C]=O(59)
    CH3OCO(60)
    acetyloxy(61)
    O=COCO(62)
    O=C(O)CO(63)
    O=[C]OC=O(64)
    [O]C(=O)C=O(65)
    O=[C]OO(66)
    [O]C(=O)O(67)
    acetyl(68)
    HOCH2CHO(69)
    OCHCO(70)
    [O]CC[O](71)
    [CH2]OC[O](72)
    [CH2]OO[CH2](73)
    C1COO1(74)
    C1OCO1(75)
    CH3OCH2(76)
    CH3CH2O(77)
    CH2OCHO(78)
    OCH2CHO(79)
    [CH2]OO(80)
    HOCH2O(81)
    CC(82)
    O=CC=O(83)
    OO(84)
Added 17 new core reactions
    CH3(9) + H(10) <=> CH4(2)
    H(10) + OH(13) <=> H2O(5)
    H(10) + H(10) <=> H2(6)
    H(10) + HCO(12) <=> CH2O(8)
    CO(7) + H2(6) <=> CH2O(8)
    CH3(9) + OH(13) <=> CH3OH(11)
    CO(7) + H(10) <=> HCO(12)
    CH3(9) + HCO(12) <=> CH4(2) + CO(7)
    CH4(2) + H(10) <=> H2(6) + CH3(9)
    CH4(2) + HCO(12) <=> CH2O(8) + CH3(9)
    CH4(2) + OH(13) <=> H2O(5) + CH3(9)
    HCO(12) + OH(13) <=> CO(7) + H2O(5)
    H2(6) + OH(13) <=> H2O(5) + H(10)
    CH2O(8) + OH(13) <=> H2O(5) + HCO(12)
    H(10) + HCO(12) <=> CO(7) + H2(6)
    H2(6) + HCO(12) <=> CH2O(8) + H(10)
    HCO(12) + HCO(12) <=> CO(7) + CH2O(8)
Created 155 new edge reactions
    H2(6) + CH2(S)(23) <=> CH4(2)
    H(10) + CH2(T)(24) <=> CH3(9)
    H(10) + CH3O(25) <=> CH3OH(11)
    H(10) + CH2OH(26) <=> CH3OH(11)
    H2O(5) + CH2(S)(23) <=> CH3OH(11)
    H(10) + [C]=O(27) <=> HCO(12)
    H(10) + O(T)(28) <=> OH(13)
    CH4(2) + X(1) <=> C.[Ni](29)
    X(1) + CO2(4) <=> CO2X(30)
    X(1) + H2O(5) <=> O.[Ni](31)
    X(1) + H2(6) <=> [H][H].[Ni](32)
    X(1) + CO(7) <=> COX(33)
    X(1) + X(1) + CH2O(8) <=> HX(14) + CXHO(22)
    X(1) + CH2O(8) <=> C=O.[Ni](34)
    X(1) + CH3(9) <=> CH3X(17)
    X(1) + H(10) <=> HX(14)
    X(1) + X(1) + CH3OH(11) <=> CH3X(17) + HOX(18)
    X(1) + X(1) + CH3OH(11) <=> HX(14) + CO[Ni](35)
    X(1) + X(1) + CH3OH(11) <=> HX(14) + OC[Ni](36)
    X(1) + CH3OH(11) <=> CO.[Ni](37)
    X(1) + HCO(12) <=> CXHO(22)
    X(1) + OH(13) <=> HOX(18)
    CH4(2) + O2(3) <=> CH3(9) + HO2(38)
    CH3(9) + HOCO(39) <=> CH4(2) + CO2(4)
    CH3(9) + formyloxy(40) <=> CH4(2) + CO2(4)
    CH4(2) + CO2(4) <=> methyl_formate(41)
    CH4(2) + CO2(4) <=> acetic_acid(42)
    CH4(2) + CO(7) <=> CH3CHO(43)
    CH3(9) + CH2OH(26) <=> CH4(2) + CH2O(8)
    CH3(9) + CH3O(25) <=> CH4(2) + CH2O(8)
    CH3(9) + HCOH(T)(44) <=> CH4(2) + HCO(12)
    O2(3) + CO2(4) <=> [O]OO[C]=O(45)
    O2(3) + CO2(4) <=> [O]OC([O])=O(46)
    O2(3) + H2O(5) <=> OH(13) + HO2(38)
    O2(3) + H2(6) <=> H(10) + HO2(38)
    O2(3) + CH2O(8) <=> [CH2]OO[O](47)
    O2(3) + CH2O(8) <=> [O]CO[O](48)
    O2(3) + CH2O(8) <=> HCO(12) + HO2(38)
    CH2(T)(24) + HO2(38) <=> O2(3) + CH3(9)
    CH3OO(49) <=> O2(3) + CH3(9)
    O2(3) + H(10) <=> HO2(38)
    CH3O(25) + HO2(38) <=> O2(3) + CH3OH(11)
    O2(3) + CH3OH(11) <=> CH2OH(26) + HO2(38)
    O2(3) + HCO(12) <=> CO(7) + HO2(38)
    HO2(38) + [C]=O(27) <=> O2(3) + HCO(12)
    O2(3) + HCO(12) <=> formylperoxy(50)
    HO2(38) + O(T)(28) <=> O2(3) + OH(13)
    O2(3) + OH(13) <=> [O]OO(51)
    [O]C(=O)C([O])=O(52) <=> CO2(4) + CO2(4)
    [O]C(=O)O[C]=O(53) <=> CO2(4) + CO2(4)
    O=[C]OO[C]=O(54) <=> CO2(4) + CO2(4)
    OH(13) + HOCO(39) <=> CO2(4) + H2O(5)
    OH(13) + formyloxy(40) <=> CO2(4) + H2O(5)
    H(10) + HOCO(39) <=> H2(6) + CO2(4)
    H(10) + formyloxy(40) <=> H2(6) + CO2(4)
    H2(6) + CO2(4) <=> formic_acid(55)
    HCO(12) + HOCO(39) <=> CO2(4) + CH2O(8)
    HCO(12) + formyloxy(40) <=> CO2(4) + CH2O(8)
    [O]CC([O])=O(56) <=> CO2(4) + CH2O(8)
    [CH2]OC([O])=O(57) <=> CO2(4) + CH2O(8)
    [O]CO[C]=O(58) <=> CO2(4) + CH2O(8)
    [CH2]OO[C]=O(59) <=> CO2(4) + CH2O(8)
    CH2(T)(24) + HOCO(39) <=> CO2(4) + CH3(9)
    CH2(T)(24) + formyloxy(40) <=> CO2(4) + CH3(9)
    CO2(4) + CH3(9) <=> CH3OCO(60)
    CO2(4) + CH3(9) <=> acetyloxy(61)
    CO2(4) + H(10) <=> HOCO(39)
    CO2(4) + H(10) <=> formyloxy(40)
    CH2OH(26) + HOCO(39) <=> CO2(4) + CH3OH(11)
    CH3O(25) + HOCO(39) <=> CO2(4) + CH3OH(11)
    CH2OH(26) + formyloxy(40) <=> CO2(4) + CH3OH(11)
    CH3O(25) + formyloxy(40) <=> CO2(4) + CH3OH(11)
    CO2(4) + CH3OH(11) <=> O=COCO(62)
    CO2(4) + CH3OH(11) <=> O=C(O)CO(63)
    [C]=O(27) + HOCO(39) <=> CO2(4) + HCO(12)
    [C]=O(27) + formyloxy(40) <=> CO2(4) + HCO(12)
    CO2(4) + HCO(12) <=> O=[C]OC=O(64)
    CO2(4) + HCO(12) <=> [O]C(=O)C=O(65)
    O(T)(28) + HOCO(39) <=> CO2(4) + OH(13)
    O(T)(28) + formyloxy(40) <=> CO2(4) + OH(13)
    CO2(4) + OH(13) <=> O=[C]OO(66)
    CO2(4) + OH(13) <=> [O]C(=O)O(67)
    CO(7) + H2O(5) <=> formic_acid(55)
    OH(13) + CH2OH(26) <=> H2O(5) + CH2O(8)
    OH(13) + CH3O(25) <=> H2O(5) + CH2O(8)
    OH(13) + HCOH(T)(44) <=> H2O(5) + HCO(12)
    H(10) + CH2OH(26) <=> H2(6) + CH2O(8)
    H(10) + CH3O(25) <=> H2(6) + CH2O(8)
    H(10) + HCOH(T)(44) <=> H2(6) + HCO(12)
    HCO(12) + CH2(T)(24) <=> CO(7) + CH3(9)
    CO(7) + CH3(9) <=> acetyl(68)
    HCO(12) + CH3O(25) <=> CO(7) + CH3OH(11)
    HCO(12) + CH2OH(26) <=> CO(7) + CH3OH(11)
    CO(7) + CH3OH(11) <=> methyl_formate(41)
    CO(7) + CH3OH(11) <=> HOCH2CHO(69)
    HCO(12) + [C]=O(27) <=> CO(7) + HCO(12)
    CO(7) + HCO(12) <=> OCHCO(70)
    HCO(12) + O(T)(28) <=> CO(7) + OH(13)
    CO(7) + OH(13) <=> HOCO(39)
    HCO(12) + CH2OH(26) <=> CH2O(8) + CH2O(8)
    HCO(12) + CH3O(25) <=> CH2O(8) + CH2O(8)
    [O]CC[O](71) <=> CH2O(8) + CH2O(8)
    [CH2]OC[O](72) <=> CH2O(8) + CH2O(8)
    [CH2]OO[CH2](73) <=> CH2O(8) + CH2O(8)
    CH2O(8) + CH2O(8) <=> C1COO1(74)
    CH2O(8) + CH2O(8) <=> C1OCO1(75)
    CH2OH(26) + CH2(T)(24) <=> CH2O(8) + CH3(9)
    CH2(T)(24) + CH3O(25) <=> CH2O(8) + CH3(9)
    CH2O(8) + CH3(9) <=> CH3OCH2(76)
    CH2O(8) + CH3(9) <=> CH3CH2O(77)
    CH2O(8) + H(10) <=> CH2OH(26)
    CH2O(8) + H(10) <=> CH3O(25)
    CH2OH(26) + CH2OH(26) <=> CH2O(8) + CH3OH(11)
    CH2OH(26) + CH3O(25) <=> CH2O(8) + CH3OH(11)
    CH2OH(26) + CH3O(25) <=> CH2O(8) + CH3OH(11)
    CH3O(25) + CH3O(25) <=> CH2O(8) + CH3OH(11)
    HCO(12) + HCOH(T)(44) <=> CH2O(8) + HCO(12)
    CH2OH(26) + [C]=O(27) <=> CH2O(8) + HCO(12)
    CH3O(25) + [C]=O(27) <=> CH2O(8) + HCO(12)
    CH2O(8) + HCO(12) <=> CH2OCHO(78)
    CH2O(8) + HCO(12) <=> OCH2CHO(79)
    CH2OH(26) + O(T)(28) <=> CH2O(8) + OH(13)
    CH3O(25) + O(T)(28) <=> CH2O(8) + OH(13)
    CH2O(8) + OH(13) <=> [CH2]OO(80)
    CH2O(8) + OH(13) <=> HOCH2O(81)
    CH4(2) + CH2(T)(24) <=> CH3(9) + CH3(9)
    CH3(9) + CH3(9) <=> CC(82)
    H2(6) + CH2(T)(24) <=> CH3(9) + H(10)
    CH4(2) + CH3O(25) <=> CH3(9) + CH3OH(11)
    CH3(9) + CH3OH(11) <=> CH4(2) + CH2OH(26)
    CH2(T)(24) + HCOH(T)(44) <=> CH3(9) + HCO(12)
    CH2O(8) + CH2(T)(24) <=> CH3(9) + HCO(12)
    CH4(2) + [C]=O(27) <=> CH3(9) + HCO(12)
    CH3(9) + HCO(12) <=> CH3CHO(43)
    CH3(9) + OH(13) <=> H2O(5) + CH2(T)(24)
    CH4(2) + O(T)(28) <=> CH3(9) + OH(13)
    H(10) + CH3OH(11) <=> H2(6) + CH3O(25)
    H(10) + CH3OH(11) <=> H2(6) + CH2OH(26)
    H2(6) + [C]=O(27) <=> H(10) + HCO(12)
    H2(6) + O(T)(28) <=> H(10) + OH(13)
    CH2OH(26) + HCOH(T)(44) <=> CH3OH(11) + HCO(12)
    CH3O(25) + HCOH(T)(44) <=> CH3OH(11) + HCO(12)
    CH2O(8) + CH3O(25) <=> CH3OH(11) + HCO(12)
    CH2O(8) + CH2OH(26) <=> CH3OH(11) + HCO(12)
    CH3OH(11) + OH(13) <=> H2O(5) + CH3O(25)
    CH3OH(11) + OH(13) <=> H2O(5) + CH2OH(26)
    [C]=O(27) + HCOH(T)(44) <=> HCO(12) + HCO(12)
    CH2O(8) + [C]=O(27) <=> HCO(12) + HCO(12)
    HCO(12) + HCO(12) <=> O=CC=O(83)
    O(T)(28) + HCOH(T)(44) <=> HCO(12) + OH(13)
    H2O(5) + [C]=O(27) <=> HCO(12) + OH(13)
    CH2O(8) + O(T)(28) <=> HCO(12) + OH(13)
    HCO(12) + OH(13) <=> formic_acid(55)
    H2O(5) + O(T)(28) <=> OH(13) + OH(13)
    OH(13) + OH(13) <=> OO(84)

After model enlargement:
    The model core has 17 species and 17 reactions
    The model edge has 71 species and 169 reactions


Completed initial enlarge edge step.

Saving current model core to Chemkin file...
Chemkin file contains 17 reactions.
Chemkin file contains 0 reactions.
Saving annotated version of Chemkin files...
Chemkin file contains 17 reactions.
Chemkin file contains 0 reactions.
Saving current model core and edge to Chemkin file...
Chemkin file contains 157 reactions.
Chemkin file contains 29 reactions.
Saving annotated version of Chemkin files...
Chemkin file contains 157 reactions.
Chemkin file contains 29 reactions.
Saving current model core to HTML file...
Saving current model edge to HTML file...
Updating RMG execution statistics...
    Execution time (DD:HH:MM:SS): 00:00:04:24
    Memory used: 545.40 MB

Beginning model generation stage 1...

Conducting simulation of reaction system 1...
At time 0.0000e+00 s, species HX(14) at 6929574967.25 exceeded the minimum rate for simulation interruption of 0.1
At time 0.0000e+00 s, species OX(15) at 1.00098088037e+12 exceeded the minimum rate for simulation interruption of 0.1
At time 0.0000e+00 s, species CH3X(17) at 6929574967.25 exceeded the minimum rate for simulation interruption of 0.1
At time 0.0000e+00 s, species C.[Ni](29) at 8.05732696408e+12 exceeded the minimum rate for simulation interruption of 0.1
At time 0.0000e+00 s, species HO2(38) at 94.7578315176 exceeded the minimum rate for simulation interruption of 0.1
Exceeded max number of objects...removing excess objects
Reached max number of objects...preparing to terminate
At time 0.0000e+00 s, species C.[Ni](29) at rate ratio 8.05732696408e+12 exceeded the minimum rate for moving to model core of 0.0001
terminating simulation due to interrupt...


Adding species C.[Ni](29) to model core

Summary of Model Enlargement
---------------------------------
Added 1 new core species
    C.[Ni](29)
Created 0 new edge species
Moved 1 reactions from edge to core
    CH4(2) + X(1) <=> C.[Ni](29)
Added 0 new core reactions
Created 0 new edge reactions

After model enlargement:
    The model core has 18 species and 18 reactions
    The model edge has 70 species and 168 reactions



Summary of Secondary Model Edge Enlargement
---------------------------------
Added 0 new core species
Created 0 new edge species
Added 0 new core reactions
Created 0 new edge reactions

After model enlargement:
    The model core has 18 species and 18 reactions
    The model edge has 70 species and 168 reactions


Saving current model core to Chemkin file...
Chemkin file contains 17 reactions.
Chemkin file contains 1 reactions.
Saving annotated version of Chemkin files...
Chemkin file contains 17 reactions.
Chemkin file contains 1 reactions.
Saving current model core and edge to Chemkin file...
Chemkin file contains 157 reactions.
Chemkin file contains 29 reactions.
Saving annotated version of Chemkin files...
Chemkin file contains 157 reactions.
Chemkin file contains 29 reactions.
Saving current model core to HTML file...
Saving current model edge to HTML file...
Updating RMG execution statistics...
    Execution time (DD:HH:MM:SS): 00:00:04:28
    Memory used: 547.48 MB

Conducting simulation of reaction system 1...
Exceeded max number of objects...removing excess objects
Reached max number of objects...preparing to terminate
At time 0.0000e+00 s, species OX(15) at rate ratio 0.071725596257 exceeded the minimum rate for moving to model core of 0.0001
terminating simulation due to interrupt...


Adding species OX(15) to model core

Summary of Model Enlargement
---------------------------------
Added 1 new core species
    OX(15)
Created 0 new edge species
Moved 1 reactions from edge to core
    X(1) + X(1) + O2(3) <=> OX(15) + OX(15)
Added 0 new core reactions
Created 0 new edge reactions

After model enlargement:
    The model core has 19 species and 19 reactions
    The model edge has 69 species and 167 reactions



Summary of Secondary Model Edge Enlargement
---------------------------------
Added 0 new core species
Created 0 new edge species
Added 0 new core reactions
Created 0 new edge reactions

After model enlargement:
    The model core has 19 species and 19 reactions
    The model edge has 69 species and 167 reactions


Saving current model core to Chemkin file...
Chemkin file contains 17 reactions.
Chemkin file contains 2 reactions.
Saving annotated version of Chemkin files...
Chemkin file contains 17 reactions.
Chemkin file contains 2 reactions.
Saving current model core and edge to Chemkin file...
Chemkin file contains 157 reactions.
Chemkin file contains 29 reactions.
Saving annotated version of Chemkin files...
Chemkin file contains 157 reactions.
Chemkin file contains 29 reactions.
Saving current model core to HTML file...
Saving current model edge to HTML file...
Updating RMG execution statistics...
    Execution time (DD:HH:MM:SS): 00:00:04:31
    Memory used: 550.82 MB

Conducting simulation of reaction system 1...
Exceeded max number of objects...removing excess objects
Reached max number of objects...preparing to terminate
At time 0.0000e+00 s, species CH3X(17) at rate ratio 0.000474643530796 exceeded the minimum rate for moving to model core of 0.0001
terminating simulation due to interrupt...


Adding species CH3X(17) to model core

Summary of Model Enlargement
---------------------------------
Added 1 new core species
    CH3X(17)
Created 0 new edge species
Moved 1 reactions from edge to core
    X(1) + CH3(9) <=> CH3X(17)
Added 0 new core reactions
Created 0 new edge reactions

After model enlargement:
    The model core has 20 species and 20 reactions
    The model edge has 68 species and 166 reactions


Generating kinetics for new reactions...

Summary of Secondary Model Edge Enlargement
---------------------------------
Added 0 new core species
Created 1 new edge species
    C=[Ni](85)
Added 0 new core reactions
Created 4 new edge reactions
    C=[Ni](85) + HX(14) <=> X(1) + CH3X(17)
    C=[Ni](85) + HOX(18) <=> OX(15) + CH3X(17)
    X(1) + CO[Ni](35) <=> OX(15) + CH3X(17)
    X(1) + X(1) + CC(82) <=> CH3X(17) + CH3X(17)

After model enlargement:
    The model core has 20 species and 20 reactions
    The model edge has 69 species and 170 reactions


Saving current model core to Chemkin file...
Chemkin file contains 17 reactions.
Chemkin file contains 3 reactions.
Saving annotated version of Chemkin files...
Chemkin file contains 17 reactions.
Chemkin file contains 3 reactions.
Saving current model core and edge to Chemkin file...
Chemkin file contains 157 reactions.
Chemkin file contains 33 reactions.
Saving annotated version of Chemkin files...
Chemkin file contains 157 reactions.
Chemkin file contains 33 reactions.
Saving current model core to HTML file...
Saving current model edge to HTML file...
Updating RMG execution statistics...
    Execution time (DD:HH:MM:SS): 00:00:04:34
    Memory used: 554.08 MB

Conducting simulation of reaction system 1...
Reached max number of objects...preparing to terminate
At time 0.0000e+00 s, species HX(14) at rate ratio 0.000474643530796 exceeded the minimum rate for moving to model core of 0.0001
terminating simulation due to interrupt...


Adding species HX(14) to model core

Summary of Model Enlargement
---------------------------------
Added 1 new core species
    HX(14)
Created 0 new edge species
Moved 3 reactions from edge to core
    X(1) + X(1) + H2(6) <=> HX(14) + HX(14)
    HX(14) + CH3X(17) <=> CH4(2) + X(1) + X(1)
    X(1) + H(10) <=> HX(14)
Added 0 new core reactions
Created 0 new edge reactions

After model enlargement:
    The model core has 21 species and 23 reactions
    The model edge has 68 species and 167 reactions


Generating kinetics for new reactions...

Summary of Secondary Model Edge Enlargement
---------------------------------
Added 0 new core species
Created 0 new edge species
Added 0 new core reactions
Created 1 new edge reactions
    X(1) + HOX(18) <=> HX(14) + OX(15)

After model enlargement:
    The model core has 21 species and 23 reactions
    The model edge has 68 species and 168 reactions


Saving current model core to Chemkin file...
Chemkin file contains 17 reactions.
Chemkin file contains 6 reactions.
Saving annotated version of Chemkin files...
Chemkin file contains 17 reactions.
Chemkin file contains 6 reactions.
Saving current model core and edge to Chemkin file...
Chemkin file contains 157 reactions.
Chemkin file contains 34 reactions.
Saving annotated version of Chemkin files...
Chemkin file contains 157 reactions.
Chemkin file contains 34 reactions.
Saving current model core to HTML file...
Saving current model edge to HTML file...
Updating RMG execution statistics...
    Execution time (DD:HH:MM:SS): 00:00:04:37
    Memory used: 556.03 MB

Conducting simulation of reaction system 1...
Reached max number of objects...preparing to terminate
At time 1.7213e-10 s, species C=[Ni](85) at rate ratio 0.000102228929471 exceeded the minimum rate for moving to model core of 0.0001
terminating simulation due to interrupt...


Adding species C=[Ni](85) to model core

Summary of Model Enlargement
---------------------------------
Added 1 new core species
    C=[Ni](85)
Created 0 new edge species
Moved 1 reactions from edge to core
    C=[Ni](85) + HX(14) <=> X(1) + CH3X(17)
Added 0 new core reactions
Created 0 new edge reactions

After model enlargement:
    The model core has 22 species and 24 reactions
    The model edge has 67 species and 167 reactions


Generating kinetics for new reactions...
For reaction HOX(18) + CHX(21) <=> C=[Ni](85) + OX(15), Ea raised from 42.4 to 43.7 kJ/mol to match endothermicity of reaction.

Summary of Secondary Model Edge Enlargement
---------------------------------
Added 0 new core species
Created 1 new edge species
    CC[Ni](86)
Added 0 new core reactions
Created 4 new edge reactions
    HX(14) + CHX(21) <=> X(1) + C=[Ni](85)
    HOX(18) + CHX(21) <=> C=[Ni](85) + OX(15)
    X(1) + CC[Ni](86) <=> C=[Ni](85) + CH3X(17)
    C=[Ni](85) + C=[Ni](85) <=> CH3X(17) + CHX(21)

After model enlargement:
    The model core has 22 species and 24 reactions
    The model edge has 68 species and 171 reactions


Saving current model core to Chemkin file...
Chemkin file contains 17 reactions.
Chemkin file contains 7 reactions.
Saving annotated version of Chemkin files...
Chemkin file contains 17 reactions.
Chemkin file contains 7 reactions.
Saving current model core and edge to Chemkin file...
Chemkin file contains 157 reactions.
Chemkin file contains 38 reactions.
Saving annotated version of Chemkin files...
Chemkin file contains 157 reactions.
Chemkin file contains 38 reactions.
Saving current model core to HTML file...
Saving current model edge to HTML file...
Updating RMG execution statistics...
    Execution time (DD:HH:MM:SS): 00:00:04:42
    Memory used: 558.00 MB

Conducting simulation of reaction system 1...
Reached max number of objects...preparing to terminate
At time 1.0000e-12 s, species CHX(21) at rate ratio 0.000148469192894 exceeded the minimum rate for moving to model core of 0.0001
terminating simulation due to interrupt...


Adding species CHX(21) to model core

Summary of Model Enlargement
---------------------------------
Added 1 new core species
    CHX(21)
Created 0 new edge species
Moved 2 reactions from edge to core
    HX(14) + CHX(21) <=> X(1) + C=[Ni](85)
    C=[Ni](85) + C=[Ni](85) <=> CH3X(17) + CHX(21)
Added 0 new core reactions
Created 0 new edge reactions

After model enlargement:
    The model core has 23 species and 26 reactions
    The model edge has 67 species and 169 reactions


Generating kinetics for new reactions...

Summary of Secondary Model Edge Enlargement
---------------------------------
Added 0 new core species
Created 1 new edge species
    CC=[Ni](87)
Added 0 new core reactions
Created 5 new edge reactions
    HX(14) + CX(19) <=> X(1) + CHX(21)
    HOX(18) + CX(19) <=> OX(15) + CHX(21)
    X(1) + CC=[Ni](87) <=> CH3X(17) + CHX(21)
    CH3X(17) + CX(19) <=> C=[Ni](85) + CHX(21)
    C=[Ni](85) + CX(19) <=> CHX(21) + CHX(21)

After model enlargement:
    The model core has 23 species and 26 reactions
    The model edge has 68 species and 174 reactions


Saving current model core to Chemkin file...
Chemkin file contains 17 reactions.
Chemkin file contains 9 reactions.
Saving annotated version of Chemkin files...
Chemkin file contains 17 reactions.
Chemkin file contains 9 reactions.
Saving current model core and edge to Chemkin file...
Chemkin file contains 157 reactions.
Chemkin file contains 43 reactions.
Saving annotated version of Chemkin files...
Chemkin file contains 157 reactions.
Chemkin file contains 43 reactions.
Saving current model core to HTML file...
Saving current model edge to HTML file...
Updating RMG execution statistics...
    Execution time (DD:HH:MM:SS): 00:00:04:46
    Memory used: 559.91 MB

Conducting simulation of reaction system 1...
Reached max number of objects...preparing to terminate
At time 7.0953e-10 s, species HOX(18) at rate ratio 0.000102127888291 exceeded the minimum rate for moving to model core of 0.0001
terminating simulation due to interrupt...


Adding species HOX(18) to model core

Summary of Model Enlargement
---------------------------------
Added 1 new core species
    HOX(18)
Created 0 new edge species
Moved 8 reactions from edge to core
    CH3X(17) + HOX(18) <=> CH4(2) + X(1) + OX(15)
    HX(14) + HOX(18) <=> X(1) + X(1) + H2O(5)
    HOX(18) + HOX(18) <=> X(1) + H2O(5) + OX(15)
    X(1) + X(1) + CH3OH(11) <=> CH3X(17) + HOX(18)
    X(1) + OH(13) <=> HOX(18)
    C=[Ni](85) + HOX(18) <=> OX(15) + CH3X(17)
    X(1) + HOX(18) <=> HX(14) + OX(15)
    HOX(18) + CHX(21) <=> C=[Ni](85) + OX(15)
Added 0 new core reactions
Created 0 new edge reactions

After model enlargement:
    The model core has 24 species and 34 reactions
    The model edge has 67 species and 166 reactions


Generating kinetics for new reactions...

Summary of Secondary Model Edge Enlargement
---------------------------------
Added 0 new core species
Created 2 new edge species
    OO[Ni](88)
    OC=[Ni](89)
Added 0 new core reactions
Created 4 new edge reactions
    X(1) + OO[Ni](88) <=> OX(15) + HOX(18)
    X(1) + OC[Ni](36) <=> C=[Ni](85) + HOX(18)
    X(1) + OC=[Ni](89) <=> HOX(18) + CHX(21)
    X(1) + X(1) + OO(84) <=> HOX(18) + HOX(18)

After model enlargement:
    The model core has 24 species and 34 reactions
    The model edge has 69 species and 170 reactions


Saving current model core to Chemkin file...
Chemkin file contains 17 reactions.
Chemkin file contains 17 reactions.
Saving annotated version of Chemkin files...
Chemkin file contains 17 reactions.
Chemkin file contains 17 reactions.
Saving current model core and edge to Chemkin file...
Chemkin file contains 157 reactions.
Chemkin file contains 47 reactions.
Saving annotated version of Chemkin files...
Chemkin file contains 157 reactions.
Chemkin file contains 47 reactions.
Saving current model core to HTML file...
Saving current model edge to HTML file...
Updating RMG execution statistics...
    Execution time (DD:HH:MM:SS): 00:00:04:50
    Memory used: 562.06 MB

Conducting simulation of reaction system 1...
Reached max number of objects...preparing to terminate
At time 2.1155e-08 s, species [H][H].[Ni](32) at rate ratio 0.000102119919073 exceeded the minimum rate for moving to model core of 0.0001
terminating simulation due to interrupt...


Adding species [H][H].[Ni](32) to model core

Summary of Model Enlargement
---------------------------------
Added 1 new core species
    [H][H].[Ni](32)
Created 0 new edge species
Moved 1 reactions from edge to core
    X(1) + H2(6) <=> [H][H].[Ni](32)
Added 0 new core reactions
Created 0 new edge reactions

After model enlargement:
    The model core has 25 species and 35 reactions
    The model edge has 68 species and 169 reactions



Summary of Secondary Model Edge Enlargement
---------------------------------
Added 0 new core species
Created 0 new edge species
Added 0 new core reactions
Created 0 new edge reactions

After model enlargement:
    The model core has 25 species and 35 reactions
    The model edge has 68 species and 169 reactions


Saving current model core to Chemkin file...
Chemkin file contains 17 reactions.
Chemkin file contains 18 reactions.
Saving annotated version of Chemkin files...
Chemkin file contains 17 reactions.
Chemkin file contains 18 reactions.
Saving current model core and edge to Chemkin file...
Chemkin file contains 157 reactions.
Chemkin file contains 47 reactions.
Saving annotated version of Chemkin files...
Chemkin file contains 157 reactions.
Chemkin file contains 47 reactions.
Saving current model core to HTML file...
Saving current model edge to HTML file...
Updating RMG execution statistics...
    Execution time (DD:HH:MM:SS): 00:00:04:53
    Memory used: 564.46 MB

Conducting simulation of reaction system 1...
Reached max number of objects...preparing to terminate
At time 8.2089e-08 s, species CXHO(22) at rate ratio 0.000100211234465 exceeded the minimum rate for moving to model core of 0.0001
terminating simulation due to interrupt...


Adding species CXHO(22) to model core

Summary of Model Enlargement
---------------------------------
Added 1 new core species
    CXHO(22)
Created 0 new edge species
Moved 3 reactions from edge to core
    OX(15) + CHX(21) <=> X(1) + CXHO(22)
    X(1) + X(1) + CH2O(8) <=> HX(14) + CXHO(22)
    X(1) + HCO(12) <=> CXHO(22)
Added 0 new core reactions
Created 0 new edge reactions

After model enlargement:
    The model core has 26 species and 38 reactions
    The model edge has 67 species and 166 reactions


Species with SMILES of O=CO[Ni] named formyloxyX based on thermo library name
Species with SMILES of O=CC[Ni] named vinoxyX based on thermo library name
Species with SMILES of O=CC=[Ni] named ketene(T)X based on thermo library name
Generating kinetics for new reactions...

Summary of Secondary Model Edge Enlargement
---------------------------------
Added 0 new core species
Created 3 new edge species
    formyloxyX(90)
    vinoxyX(91)
    ketene(T)X(92)
Added 0 new core reactions
Created 10 new edge reactions
    X(1) + CXHO(22) <=> HX(14) + OCX(16)
    OX(15) + CXHO(22) <=> OCX(16) + HOX(18)
    X(1) + formyloxyX(90) <=> OX(15) + CXHO(22)
    X(1) + X(1) + CH3CHO(43) <=> CH3X(17) + CXHO(22)
    C=[Ni](85) + CXHO(22) <=> OCX(16) + CH3X(17)
    X(1) + vinoxyX(91) <=> C=[Ni](85) + CXHO(22)
    CHX(21) + CXHO(22) <=> C=[Ni](85) + OCX(16)
    X(1) + ketene(T)X(92) <=> CHX(21) + CXHO(22)
    X(1) + X(1) + formic_acid(55) <=> HOX(18) + CXHO(22)
    X(1) + X(1) + O=CC=O(83) <=> CXHO(22) + CXHO(22)

After model enlargement:
    The model core has 26 species and 38 reactions
    The model edge has 70 species and 176 reactions


Saving current model core to Chemkin file...
Chemkin file contains 17 reactions.
Chemkin file contains 21 reactions.
Saving annotated version of Chemkin files...
Chemkin file contains 17 reactions.
Chemkin file contains 21 reactions.
Saving current model core and edge to Chemkin file...
Chemkin file contains 157 reactions.
Chemkin file contains 57 reactions.
Saving annotated version of Chemkin files...
Chemkin file contains 157 reactions.
Chemkin file contains 57 reactions.
Saving current model core to HTML file...
Saving current model edge to HTML file...
Updating RMG execution statistics...
    Execution time (DD:HH:MM:SS): 00:00:04:59
    Memory used: 567.32 MB

Conducting simulation of reaction system 1...
Reached max number of objects...preparing to terminate
At time 4.8340e-09 s, species OCX(16) at rate ratio 0.000101866968468 exceeded the minimum rate for moving to model core of 0.0001
terminating simulation due to interrupt...


Adding species OCX(16) to model core

Summary of Model Enlargement
---------------------------------
Added 1 new core species
    OCX(16)
Created 0 new edge species
Moved 6 reactions from edge to core
    X(1) + CO(7) <=> OCX(16)
    OX(15) + OCX(16) <=> X(1) + X(1) + CO2(4)
    X(1) + CXHO(22) <=> HX(14) + OCX(16)
    OX(15) + CXHO(22) <=> OCX(16) + HOX(18)
    C=[Ni](85) + CXHO(22) <=> OCX(16) + CH3X(17)
    CHX(21) + CXHO(22) <=> C=[Ni](85) + OCX(16)
Added 0 new core reactions
Created 0 new edge reactions

After model enlargement:
    The model core has 27 species and 44 reactions
    The model edge has 69 species and 170 reactions


Species with SMILES of CC(=O)[Ni] named acetylX based on thermo library name
Species with SMILES of O=CC(=O)[Ni] named OCHCOX based on thermo library name
Generating kinetics for new reactions...

Summary of Secondary Model Edge Enlargement
---------------------------------
Added 0 new core species
Created 2 new edge species
    acetylX(93)
    OCHCOX(94)
Added 0 new core reactions
Created 4 new edge reactions
    X(1) + acetylX(93) <=> OCX(16) + CH3X(17)
    CX(19) + CXHO(22) <=> OCX(16) + CHX(21)
    X(1) + HOCXO(20) <=> OCX(16) + HOX(18)
    X(1) + OCHCOX(94) <=> OCX(16) + CXHO(22)

After model enlargement:
    The model core has 27 species and 44 reactions
    The model edge has 71 species and 174 reactions


Saving current model core to Chemkin file...
Chemkin file contains 17 reactions.
Chemkin file contains 27 reactions.
Saving annotated version of Chemkin files...
Chemkin file contains 17 reactions.
Chemkin file contains 27 reactions.
Saving current model core and edge to Chemkin file...
Chemkin file contains 157 reactions.
Chemkin file contains 61 reactions.
Saving annotated version of Chemkin files...
Chemkin file contains 157 reactions.
Chemkin file contains 61 reactions.
Saving current model core to HTML file...
Saving current model edge to HTML file...
Updating RMG execution statistics...
    Execution time (DD:HH:MM:SS): 00:00:05:04
    Memory used: 569.53 MB

Conducting simulation of reaction system 1...
Reached max number of objects...preparing to terminate
At time 1.0755e-07 s, species O.[Ni](31) at rate ratio 0.000101489439772 exceeded the minimum rate for moving to model core of 0.0001
terminating simulation due to interrupt...


Adding species O.[Ni](31) to model core

Summary of Model Enlargement
---------------------------------
Added 1 new core species
    O.[Ni](31)
Created 0 new edge species
Moved 1 reactions from edge to core
    X(1) + H2O(5) <=> O.[Ni](31)
Added 0 new core reactions
Created 0 new edge reactions

After model enlargement:
    The model core has 28 species and 45 reactions
    The model edge has 70 species and 173 reactions



Summary of Secondary Model Edge Enlargement
---------------------------------
Added 0 new core species
Created 0 new edge species
Added 0 new core reactions
Created 0 new edge reactions

After model enlargement:
    The model core has 28 species and 45 reactions
    The model edge has 70 species and 173 reactions


Saving current model core to Chemkin file...
Chemkin file contains 17 reactions.
Chemkin file contains 28 reactions.
Saving annotated version of Chemkin files...
Chemkin file contains 17 reactions.
Chemkin file contains 28 reactions.
Saving current model core and edge to Chemkin file...
Chemkin file contains 157 reactions.
Chemkin file contains 61 reactions.
Saving annotated version of Chemkin files...
Chemkin file contains 157 reactions.
Chemkin file contains 61 reactions.
Saving current model core to HTML file...
Saving current model edge to HTML file...
Updating RMG execution statistics...
    Execution time (DD:HH:MM:SS): 00:00:05:09
    Memory used: 572.87 MB

Conducting simulation of reaction system 1...
Reached max number of objects...preparing to terminate
At time 1.5639e-07 s, species CX(19) at rate ratio 0.000101062908203 exceeded the minimum rate for moving to model core of 0.0001
terminating simulation due to interrupt...


Adding species CX(19) to model core

Summary of Model Enlargement
---------------------------------
Added 1 new core species
    CX(19)
Created 0 new edge species
Moved 8 reactions from edge to core
    X(1) + OCX(16) <=> OX(15) + CX(19)
    HOX(18) + CX(19) <=> HX(14) + OCX(16)
    OCX(16) + OCX(16) <=> X(1) + CO2(4) + CX(19)
    HX(14) + CX(19) <=> X(1) + CHX(21)
    HOX(18) + CX(19) <=> OX(15) + CHX(21)
    CH3X(17) + CX(19) <=> C=[Ni](85) + CHX(21)
    C=[Ni](85) + CX(19) <=> CHX(21) + CHX(21)
    CX(19) + CXHO(22) <=> OCX(16) + CHX(21)
Added 0 new core reactions
Created 0 new edge reactions

After model enlargement:
    The model core has 29 species and 53 reactions
    The model edge has 69 species and 165 reactions


Generating kinetics for new reactions...

Summary of Secondary Model Edge Enlargement
---------------------------------
Added 0 new core species
Created 3 new edge species
    CC#[Ni](95)
    OC#[Ni](96)
    O=CC#[Ni](97)
Added 0 new core reactions
Created 3 new edge reactions
    X(1) + CC#[Ni](95) <=> CH3X(17) + CX(19)
    X(1) + OC#[Ni](96) <=> HOX(18) + CX(19)
    X(1) + O=CC#[Ni](97) <=> CX(19) + CXHO(22)

After model enlargement:
    The model core has 29 species and 53 reactions
    The model edge has 72 species and 168 reactions


Saving current model core to Chemkin file...
Chemkin file contains 17 reactions.
Chemkin file contains 36 reactions.
Saving annotated version of Chemkin files...
Chemkin file contains 17 reactions.
Chemkin file contains 36 reactions.
Saving current model core and edge to Chemkin file...
Chemkin file contains 157 reactions.
Chemkin file contains 64 reactions.
Saving annotated version of Chemkin files...
Chemkin file contains 157 reactions.
Chemkin file contains 64 reactions.
Saving current model core to HTML file...
Saving current model edge to HTML file...
Updating RMG execution statistics...
    Execution time (DD:HH:MM:SS): 00:00:05:13
    Memory used: 575.86 MB

Conducting simulation of reaction system 1...
Reached max number of objects...preparing to terminate
At time 1.0966e-06 s, species HOCXO(20) at rate ratio 0.000100658380677 exceeded the minimum rate for moving to model core of 0.0001
terminating simulation due to interrupt...


Adding species HOCXO(20) to model core

Summary of Model Enlargement
---------------------------------
Added 1 new core species
    HOCXO(20)
Created 0 new edge species
Moved 3 reactions from edge to core
    X(1) + HOCXO(20) <=> X(1) + CO2(4) + HX(14)
    HOX(18) + CXHO(22) <=> HX(14) + HOCXO(20)
    X(1) + HOCXO(20) <=> OCX(16) + HOX(18)
Added 0 new core reactions
Created 0 new edge reactions

After model enlargement:
    The model core has 30 species and 56 reactions
    The model edge has 71 species and 165 reactions


Species with SMILES of O=C(O)C[Ni] named CH2COOHX based on thermo library name
Generating kinetics for new reactions...

Summary of Secondary Model Edge Enlargement
---------------------------------
Added 0 new core species
Created 8 new edge species
    O=C(O)O[Ni](98)
    CH2COOHX(99)
    O=C(O)C=[Ni](100)
    O=C(O)O(101)
    O=CC(=O)O(102)
    O=C(O)C(=O)[Ni](103)
    O=C(O)C#[Ni](104)
    O=C(O)C(=O)O(105)
Added 0 new core reactions
Created 15 new edge reactions
    X(1) + HOCO(39) <=> HOCXO(20)
    OX(15) + HOCXO(20) <=> OO[Ni](88) + OCX(16)
    X(1) + O=C(O)O[Ni](98) <=> OX(15) + HOCXO(20)
    X(1) + X(1) + acetic_acid(42) <=> CH3X(17) + HOCXO(20)
    X(1) + X(1) + formic_acid(55) <=> HX(14) + HOCXO(20)
    C=[Ni](85) + HOCXO(20) <=> OCX(16) + OC[Ni](36)
    X(1) + CH2COOHX(99) <=> C=[Ni](85) + HOCXO(20)
    HOCXO(20) + CHX(21) <=> OC=[Ni](89) + OCX(16)
    X(1) + O=C(O)C=[Ni](100) <=> HOCXO(20) + CHX(21)
    X(1) + X(1) + O=C(O)O(101) <=> HOX(18) + HOCXO(20)
    X(1) + X(1) + O=CC(=O)O(102) <=> HOCXO(20) + CXHO(22)
    X(1) + O=C(O)C(=O)[Ni](103) <=> OCX(16) + HOCXO(20)
    CX(19) + HOCXO(20) <=> OC#[Ni](96) + OCX(16)
    X(1) + O=C(O)C#[Ni](104) <=> CX(19) + HOCXO(20)
    X(1) + X(1) + O=C(O)C(=O)O(105) <=> HOCXO(20) + HOCXO(20)

After model enlargement:
    The model core has 30 species and 56 reactions
    The model edge has 79 species and 180 reactions


Saving current model core to Chemkin file...
Chemkin file contains 17 reactions.
Chemkin file contains 39 reactions.
Saving annotated version of Chemkin files...
Chemkin file contains 17 reactions.
Chemkin file contains 39 reactions.
Saving current model core and edge to Chemkin file...
Chemkin file contains 157 reactions.
Chemkin file contains 79 reactions.
Saving annotated version of Chemkin files...
Chemkin file contains 157 reactions.
Chemkin file contains 79 reactions.
Saving current model core to HTML file...
Saving current model edge to HTML file...
Updating RMG execution statistics...
    Execution time (DD:HH:MM:SS): 00:00:05:21
    Memory used: 579.88 MB

Conducting simulation of reaction system 1...
Reached max number of objects...preparing to terminate
At time 1.1298e-06 s, species COX(33) at rate ratio 0.000100137296503 exceeded the minimum rate for moving to model core of 0.0001
terminating simulation due to interrupt...


Adding species COX(33) to model core

Summary of Model Enlargement
---------------------------------
Added 1 new core species
    COX(33)
Created 0 new edge species
Moved 1 reactions from edge to core
    X(1) + CO(7) <=> COX(33)
Added 0 new core reactions
Created 0 new edge reactions

After model enlargement:
    The model core has 31 species and 57 reactions
    The model edge has 78 species and 179 reactions



Summary of Secondary Model Edge Enlargement
---------------------------------
Added 0 new core species
Created 0 new edge species
Added 0 new core reactions
Created 0 new edge reactions

After model enlargement:
    The model core has 31 species and 57 reactions
    The model edge has 78 species and 179 reactions


Saving current model core to Chemkin file...
Chemkin file contains 17 reactions.
Chemkin file contains 40 reactions.
Saving annotated version of Chemkin files...
Chemkin file contains 17 reactions.
Chemkin file contains 40 reactions.
Saving current model core and edge to Chemkin file...
Chemkin file contains 157 reactions.
Chemkin file contains 79 reactions.
Saving annotated version of Chemkin files...
Chemkin file contains 157 reactions.
Chemkin file contains 79 reactions.
Saving current model core to HTML file...
Saving current model edge to HTML file...
Updating RMG execution statistics...
    Execution time (DD:HH:MM:SS): 00:00:05:28
    Memory used: 584.20 MB

Conducting simulation of reaction system 1...
Reached max number of objects...preparing to terminate
At time 1.4237e-06 s, species CO2X(30) at rate ratio 0.000101218660358 exceeded the minimum rate for moving to model core of 0.0001
terminating simulation due to interrupt...


Adding species CO2X(30) to model core

Summary of Model Enlargement
---------------------------------
Added 1 new core species
    CO2X(30)
Created 0 new edge species
Moved 1 reactions from edge to core
    X(1) + CO2(4) <=> CO2X(30)
Added 0 new core reactions
Created 0 new edge reactions

After model enlargement:
    The model core has 32 species and 58 reactions
    The model edge has 77 species and 178 reactions



Summary of Secondary Model Edge Enlargement
---------------------------------
Added 0 new core species
Created 0 new edge species
Added 0 new core reactions
Created 0 new edge reactions

After model enlargement:
    The model core has 32 species and 58 reactions
    The model edge has 77 species and 178 reactions


Saving current model core to Chemkin file...
Chemkin file contains 17 reactions.
Chemkin file contains 41 reactions.
Saving annotated version of Chemkin files...
Chemkin file contains 17 reactions.
Chemkin file contains 41 reactions.
Saving current model core and edge to Chemkin file...
Chemkin file contains 157 reactions.
Chemkin file contains 79 reactions.
Saving annotated version of Chemkin files...
Chemkin file contains 157 reactions.
Chemkin file contains 79 reactions.
Saving current model core to HTML file...
Saving current model edge to HTML file...
Updating RMG execution statistics...
    Execution time (DD:HH:MM:SS): 00:00:05:49
    Memory used: 587.41 MB

Conducting simulation of reaction system 1...
Reached max number of objects...preparing to terminate
At time 2.4946e-06 s, species CO.[Ni](37) at rate ratio 0.000100124773131 exceeded the minimum rate for moving to model core of 0.0001
terminating simulation due to interrupt...


Adding species CO.[Ni](37) to model core

Summary of Model Enlargement
---------------------------------
Added 1 new core species
    CO.[Ni](37)
Created 0 new edge species
Moved 1 reactions from edge to core
    X(1) + CH3OH(11) <=> CO.[Ni](37)
Added 0 new core reactions
Created 0 new edge reactions

After model enlargement:
    The model core has 33 species and 59 reactions
    The model edge has 76 species and 177 reactions



Summary of Secondary Model Edge Enlargement
---------------------------------
Added 0 new core species
Created 0 new edge species
Added 0 new core reactions
Created 0 new edge reactions

After model enlargement:
    The model core has 33 species and 59 reactions
    The model edge has 76 species and 177 reactions


Saving current model core to Chemkin file...
Chemkin file contains 17 reactions.
Chemkin file contains 42 reactions.
Saving annotated version of Chemkin files...
Chemkin file contains 17 reactions.
Chemkin file contains 42 reactions.
Saving current model core and edge to Chemkin file...
Chemkin file contains 157 reactions.
Chemkin file contains 79 reactions.
Saving annotated version of Chemkin files...
Chemkin file contains 157 reactions.
Chemkin file contains 79 reactions.
Saving current model core to HTML file...
Saving current model edge to HTML file...
Updating RMG execution statistics...
    Execution time (DD:HH:MM:SS): 00:00:05:54
    Memory used: 591.40 MB

Conducting simulation of reaction system 1...
At time 3.6384e-05 s, reached target termination conversion: 0.950000 of O2(3)
    O2(3) conversion: 0.9502    



Summary of Secondary Model Edge Enlargement
---------------------------------
Added 0 new core species
Created 0 new edge species
Added 0 new core reactions
Created 0 new edge reactions

After model enlargement:
    The model core has 33 species and 59 reactions
    The model edge has 76 species and 177 reactions


Saving current model core to Chemkin file...
Chemkin file contains 17 reactions.
Chemkin file contains 42 reactions.
Saving annotated version of Chemkin files...
Chemkin file contains 17 reactions.
Chemkin file contains 42 reactions.
Saving current model core and edge to Chemkin file...
Chemkin file contains 157 reactions.
Chemkin file contains 79 reactions.
Saving annotated version of Chemkin files...
Chemkin file contains 157 reactions.
Chemkin file contains 79 reactions.
Saving current model core to HTML file...
Saving current model edge to HTML file...
Updating RMG execution statistics...
    Execution time (DD:HH:MM:SS): 00:00:05:56
    Memory used: 596.58 MB

Making seed mechanism...
Performing final model checks...
